<?xml version="1.0" encoding="UTF-8"?>
<!-- Generated by org.testng.reporters.JUnitReportReporter -->
<testsuite hostname="vsurya-ltm.internal.salesforce.com" failures="0" tests="1" name="com.qa.GoogleTest" time="16.557" errors="0" timestamp="2020-10-24T14:59:09 IST" skipped="0">
  <testcase classname="com.qa.GoogleTest" name="verifyGooglePageTitleTest" time="16.557"/>
  <system-out/>
</testsuite> <!-- com.qa.GoogleTest -->
